<?xml version="1.0" encoding="UTF-8"?>
<!-- Generated by org.testng.reporters.JUnitReportReporter -->
<testsuite hostname="DESKTOP-B2CLKCP" failures="0" tests="1" name="tests.SearchTest" time="15.526" errors="0" timestamp="2025-08-04T13:34:19 IST" skipped="0">
  <testcase classname="tests.SearchTest" name="testSearchProduct" time="15.526"/>
</testsuite> <!-- tests.SearchTest -->
