<?xml version="1.0" encoding="UTF-8"?>
<!-- Generated by org.testng.reporters.JUnitReportReporter -->
<testsuite hostname="DESKTOP-B2CLKCP" failures="0" tests="1" name="tests.CartTest" time="21.781" errors="0" timestamp="2025-08-04T13:34:19 IST" skipped="0">
  <testcase classname="tests.CartTest" name="testAddToCart" time="21.781"/>
</testsuite> <!-- tests.CartTest -->
